        ******************************************************************
        *                                                                *
        * SOLVE GENERALIZED EIGENPROBLEMS BY ENRICHED SUBSPACE ITERATION *
        *                                                                *
        *                                                                *
        * AUTHORS    : KI-TAE KIM,                                       *
        *              KLAUS-JÜRGEN BATHE                                *
        * AFFILIATION: DEPARTMENT OF MECHANICAL ENGINEERING,             *
        *              MASSACHUSETTS INSTITUTE OF TECHNOLOGY             *
        * E-MAIL     : ktkim@mit.edu or qlsn55@gmail.com                 *
        *                                                                *
        * TIME OF ANALYSIS : 10:59,  9/ 8/2022                           *
        *                                                                *
        ******************************************************************

 TOTAL DEGREES OF FREEDOM                =       135
 NUMBER OF REQUIRED EIGENPAIRS           =        25
 NUMBER OF ITERATION VECTORS USED        =        50
 TOLERANCE FOR SELECTING TURNING VECTORS =   1.0000E-08
 TOLERANCE FOR CONVERGENCE               =   1.0000E-06

 ALLOCATED MEMORY FOR
    MASS & STIFFNESS ARRAYS =        34 KB
    WORKING ARRAY           =        81 KB


 ----- ESTABLISHMENT OF M-ORTHONORMAL STARTING ITERATION VECTORS -----



 DEGREES OF FREEDOM EXCITED BY UNIT STARTING ITERATION VECTORS
       131.      128.      125.      118.      106.      103.       91.       88.       76.       73.
        61.       58.       46.       43.       31.       28.       16.       13.        1.       94.
        85.       82.       79.       70.       67.       64.       55.       52.       49.       40.
        37.       34.       25.       22.       19.       10.        7.        4.       97.      100.
       109.      112.      115.       41.       38.       35.       26.       23.       20.


 ----- START OF ITERATION ------


 -- I T E R A T I O N  N U M B E R  1


 NUMBER OF PREVIOUSLY CONVERGED VECTORS (NP)              =         0
 NUMBER OF ADDITIONALLY CONVERGED VECTORS AFTER ITERATION =         0
 NUMBER OF TURNING VECTORS USED (NT)                      =        24


 -- I T E R A T I O N  N U M B E R  2


 NUMBER OF PREVIOUSLY CONVERGED VECTORS (NP)              =         0
 NUMBER OF ADDITIONALLY CONVERGED VECTORS AFTER ITERATION =         3
 NUMBER OF TURNING VECTORS USED (NT)                      =        15


 -- I T E R A T I O N  N U M B E R  3


 NUMBER OF PREVIOUSLY CONVERGED VECTORS (NP)              =         3
 NUMBER OF ADDITIONALLY CONVERGED VECTORS AFTER ITERATION =         4
 NUMBER OF TURNING VECTORS USED (NT)                      =         7


 -- I T E R A T I O N  N U M B E R  4


 NUMBER OF PREVIOUSLY CONVERGED VECTORS (NP)              =         7
 NUMBER OF ADDITIONALLY CONVERGED VECTORS AFTER ITERATION =         7
 NUMBER OF TURNING VECTORS USED (NT)                      =         4


 -- I T E R A T I O N  N U M B E R  5


 NUMBER OF PREVIOUSLY CONVERGED VECTORS (NP)              =        14
 NUMBER OF ADDITIONALLY CONVERGED VECTORS AFTER ITERATION =         6
 NUMBER OF TURNING VECTORS USED (NT)                      =         3


 -- I T E R A T I O N  N U M B E R  6


 NUMBER OF PREVIOUSLY CONVERGED VECTORS (NP)              =        20
 NUMBER OF ADDITIONALLY CONVERGED VECTORS AFTER ITERATION =         2
 NUMBER OF TURNING VECTORS USED (NT)                      =         2


 -- I T E R A T I O N  N U M B E R  7


 NUMBER OF PREVIOUSLY CONVERGED VECTORS (NP)              =        22
 NUMBER OF ADDITIONALLY CONVERGED VECTORS AFTER ITERATION =         3
 NUMBER OF TURNING VECTORS USED (NT)                      =         2


 *** CONVERGENCE REACHED FOR TOL. =    1.0000E-06


 ----- SINGLE BASIC SUBSPACE ITERATION ------


 THE CALCULATED EIGENVALUES ARE
  6.342915120281166E+02  7.276337088983367E+03  1.004622067430823E+04  2.876221197267948E+04  4.061073730806367E+04
  7.661118607512244E+04  8.825595055577222E+04  1.058729138402516E+05  1.209870492250661E+05  1.435921170916657E+05
  1.507011417283106E+05  1.648319275874793E+05  1.850276910382211E+05  2.203268679714901E+05  2.218156819866862E+05
  2.371240741986786E+05  2.526158723349371E+05  2.650559081574031E+05  2.963841722664588E+05  3.200182660096904E+05
  3.292087750246964E+05  3.690168399430791E+05  3.940933544021307E+05  4.400460645066993E+05  4.445857959787648E+05

 ERROR BOUNDS REACHED ON EIGENVALUES
  1.0000E-12  1.0000E-12  2.1046E-08  1.0000E-12  1.0000E-12
  1.0000E-12  1.9165E-08  1.0000E-12  1.0000E-12  1.0000E-12
  1.0000E-12  1.0000E-12  1.0000E-12  1.0000E-12  1.0000E-12
  1.0000E-12  1.0000E-12  1.0000E-12  1.0000E-12  4.7275E-08
  1.0000E-12  1.0000E-12  1.1038E-07  1.4960E-07  1.8388E-07


 ----- STURM SEQUENCE CHECK -----



 UPPER BOUNDS ON EIGENVALUE CLUSTERS
   0.64063442700662E+03  0.73491004582468E+04  0.10146682878806E+05  0.29049834085977E+05  0.41016844672067E+05  0.77377297918750E+05
   0.89138510041603E+05  0.10693164295499E+06  0.12219691969027E+06  0.14502803823049E+06  0.15220815311191E+06  0.16648024682651E+06
   0.18687796790725E+06  0.22403383875697E+06  0.23949531488766E+06  0.25514203100182E+06  0.26770646717973E+06  0.29934801392288E+06
   0.32321844859826E+06  0.33250086270136E+06  0.37270700826003E+06  0.39803428785807E+06  0.44903165383918E+06  0.45958965952917E+06


 NO. OF EIGENVALUES IN EACH CLUSTER
                      1                     1                     1                     1                     1                     1
                      1                     1                     1                     1                     1                     1
                      1                     2                     1                     1                     1                     1
                      1                     1                     1                     1                     2                     1
 NO. OF EIGENVALUES LESS THAN UPPER BOUNDS
                      1                     2                     3                     4                     5                     6
                      7                     8                     9                    10                    11                    12
                     13                    15                    16                    17                    18                    19
                     20                    21                    22                    23                    25                    26


 CHECK APPLIED AT SHIFT =  4.595896595291708E+05


 WE FOUND THE LOWEST       26 EIGENVALUES
